10:33:14.969 [main] INFO  c.a.n.c.e.SearchableProperties - [sortPropertySourceDefaultOrder,197] - properties search order:PROPERTIES->JVM->ENV->DEFAULT_SETTING
10:33:15.006 [background-preinit] INFO  o.h.v.i.util.Version - [<clinit>,21] - HV000001: Hibernate Validator 6.2.5.Final
10:33:15.262 [main] INFO  c.a.n.p.a.s.c.ClientAuthPluginManager - [init,56] - [ClientAuthPluginManager] Load ClientAuthService com.alibaba.nacos.client.auth.impl.NacosClientAuthServiceImpl success.
10:33:15.263 [main] INFO  c.a.n.p.a.s.c.ClientAuthPluginManager - [init,56] - [ClientAuthPluginManager] Load ClientAuthService com.alibaba.nacos.client.auth.ram.RamClientAuthServiceImpl success.
10:33:18.108 [main] INFO  c.l.p.a.PmHubAuthApplication - [logStartupProfileInfo,638] - The following 1 profile is active: "dev"
10:33:19.707 [main] INFO  o.a.c.h.Http11NioProtocol - [log,173] - Initializing ProtocolHandler ["http-nio-6800"]
10:33:19.710 [main] INFO  o.a.c.c.StandardService - [log,173] - Starting service [Tomcat]
10:33:19.710 [main] INFO  o.a.c.c.StandardEngine - [log,173] - Starting Servlet engine: [Apache Tomcat/9.0.83]
10:33:19.917 [main] INFO  o.a.c.c.C.[.[.[/] - [log,173] - Initializing Spring embedded WebApplicationContext
10:33:20.351 [main] INFO  org.redisson.Version - [logVersion,41] - Redisson 3.16.2
10:33:21.129 [redisson-netty-2-14] INFO  o.r.c.p.MasterPubSubConnectionPool - [lambda$run$0,166] - 1 connections initialized for localhost/127.0.0.1:6379
10:33:21.157 [redisson-netty-2-20] INFO  o.r.c.p.MasterConnectionPool - [lambda$run$0,166] - 24 connections initialized for localhost/127.0.0.1:6379
10:33:21.786 [main] INFO  c.a.c.s.SentinelWebMvcConfigurer - [addInterceptors,52] - [Sentinel Starter] register SentinelWebInterceptor with urlPatterns: [/**].
10:33:25.433 [main] INFO  o.a.c.h.Http11NioProtocol - [log,173] - Starting ProtocolHandler ["http-nio-6800"]
10:33:25.451 [main] INFO  c.a.n.p.a.s.c.ClientAuthPluginManager - [init,56] - [ClientAuthPluginManager] Load ClientAuthService com.alibaba.nacos.client.auth.impl.NacosClientAuthServiceImpl success.
10:33:25.452 [main] INFO  c.a.n.p.a.s.c.ClientAuthPluginManager - [init,56] - [ClientAuthPluginManager] Load ClientAuthService com.alibaba.nacos.client.auth.ram.RamClientAuthServiceImpl success.
10:33:25.642 [main] INFO  c.a.c.n.r.NacosServiceRegistry - [register,76] - nacos registry, DEFAULT_GROUP pmhub-auth 192.168.46.1:6800 register finished
10:33:26.251 [main] INFO  c.l.p.a.PmHubAuthApplication - [logStarted,61] - Started PmHubAuthApplication in 12.324 seconds (JVM running for 13.554)
10:33:26.263 [main] INFO  c.a.c.n.r.NacosContextRefresher - [registerNacosListener,129] - [Nacos Config] Listening config: dataId=pmhub-auth-dev.yml, group=DEFAULT_GROUP
10:33:26.263 [main] INFO  c.a.c.n.r.NacosContextRefresher - [registerNacosListener,129] - [Nacos Config] Listening config: dataId=pmhub-auth.yml, group=DEFAULT_GROUP
10:33:26.264 [main] INFO  c.a.c.n.r.NacosContextRefresher - [registerNacosListener,129] - [Nacos Config] Listening config: dataId=pmhub-auth, group=DEFAULT_GROUP
10:33:27.485 [RMI TCP Connection(4)-192.168.46.1] INFO  o.a.c.c.C.[.[.[/] - [log,173] - Initializing Spring DispatcherServlet 'dispatcherServlet'
15:34:15.920 [main] INFO  c.a.n.c.e.SearchableProperties - [sortPropertySourceDefaultOrder,197] - properties search order:PROPERTIES->JVM->ENV->DEFAULT_SETTING
15:34:15.968 [background-preinit] INFO  o.h.v.i.util.Version - [<clinit>,21] - HV000001: Hibernate Validator 6.2.5.Final
15:34:16.223 [main] INFO  c.a.n.p.a.s.c.ClientAuthPluginManager - [init,56] - [ClientAuthPluginManager] Load ClientAuthService com.alibaba.nacos.client.auth.impl.NacosClientAuthServiceImpl success.
15:34:16.223 [main] INFO  c.a.n.p.a.s.c.ClientAuthPluginManager - [init,56] - [ClientAuthPluginManager] Load ClientAuthService com.alibaba.nacos.client.auth.ram.RamClientAuthServiceImpl success.
15:34:18.577 [main] INFO  c.l.p.a.PmHubAuthApplication - [logStartupProfileInfo,638] - The following 1 profile is active: "dev"
15:34:19.943 [main] INFO  o.a.c.h.Http11NioProtocol - [log,173] - Initializing ProtocolHandler ["http-nio-6800"]
15:34:19.945 [main] INFO  o.a.c.c.StandardService - [log,173] - Starting service [Tomcat]
15:34:19.945 [main] INFO  o.a.c.c.StandardEngine - [log,173] - Starting Servlet engine: [Apache Tomcat/9.0.83]
15:34:20.184 [main] INFO  o.a.c.c.C.[.[.[/] - [log,173] - Initializing Spring embedded WebApplicationContext
15:34:20.583 [main] INFO  org.redisson.Version - [logVersion,41] - Redisson 3.16.2
15:34:21.311 [redisson-netty-2-14] INFO  o.r.c.p.MasterPubSubConnectionPool - [lambda$run$0,166] - 1 connections initialized for localhost/127.0.0.1:6379
15:34:21.333 [redisson-netty-2-20] INFO  o.r.c.p.MasterConnectionPool - [lambda$run$0,166] - 24 connections initialized for localhost/127.0.0.1:6379
15:34:21.960 [main] INFO  c.a.c.s.SentinelWebMvcConfigurer - [addInterceptors,52] - [Sentinel Starter] register SentinelWebInterceptor with urlPatterns: [/**].
15:34:24.910 [main] INFO  o.a.c.h.Http11NioProtocol - [log,173] - Starting ProtocolHandler ["http-nio-6800"]
15:34:24.927 [main] INFO  c.a.n.p.a.s.c.ClientAuthPluginManager - [init,56] - [ClientAuthPluginManager] Load ClientAuthService com.alibaba.nacos.client.auth.impl.NacosClientAuthServiceImpl success.
15:34:24.927 [main] INFO  c.a.n.p.a.s.c.ClientAuthPluginManager - [init,56] - [ClientAuthPluginManager] Load ClientAuthService com.alibaba.nacos.client.auth.ram.RamClientAuthServiceImpl success.
15:34:25.120 [main] INFO  c.a.c.n.r.NacosServiceRegistry - [register,76] - nacos registry, DEFAULT_GROUP pmhub-auth 192.168.46.1:6800 register finished
15:34:25.577 [main] INFO  c.l.p.a.PmHubAuthApplication - [logStarted,61] - Started PmHubAuthApplication in 10.551 seconds (JVM running for 11.715)
15:34:25.590 [main] INFO  c.a.c.n.r.NacosContextRefresher - [registerNacosListener,129] - [Nacos Config] Listening config: dataId=pmhub-auth-dev.yml, group=DEFAULT_GROUP
15:34:25.591 [main] INFO  c.a.c.n.r.NacosContextRefresher - [registerNacosListener,129] - [Nacos Config] Listening config: dataId=pmhub-auth.yml, group=DEFAULT_GROUP
15:34:25.591 [main] INFO  c.a.c.n.r.NacosContextRefresher - [registerNacosListener,129] - [Nacos Config] Listening config: dataId=pmhub-auth, group=DEFAULT_GROUP
15:34:25.711 [RMI TCP Connection(5)-192.168.46.1] INFO  o.a.c.c.C.[.[.[/] - [log,173] - Initializing Spring DispatcherServlet 'dispatcherServlet'
16:08:27.586 [http-nio-6800-exec-1] INFO  c.l.p.b.c.a.RateLimiterAspect - [doBefore,60] - 限制请求'10',当前请求'1',缓存key'rate_limit:logincom.laigeoffer.pmhub.auth.controller.LoginController-login'
