12:25:44.286 [boundedElastic-46] ERROR c.a.c.n.d.r.NacosReactiveDiscoveryClient - [lambda$getServices$3,94] - get services from nacos server fail,
com.alibaba.nacos.api.exception.NacosException: Client not connected, current status:UNHEALTHY
	at com.alibaba.nacos.common.remote.client.RpcClient.request(RpcClient.java:639)
	at com.alibaba.nacos.common.remote.client.RpcClient.request(RpcClient.java:619)
	at com.alibaba.nacos.client.naming.remote.gprc.NamingGrpcClientProxy.requestToServer(NamingGrpcClientProxy.java:356)
	at com.alibaba.nacos.client.naming.remote.gprc.NamingGrpcClientProxy.getServiceList(NamingGrpcClientProxy.java:282)
	at com.alibaba.nacos.client.naming.remote.NamingClientProxyDelegate.getServiceList(NamingClientProxyDelegate.java:162)
	at com.alibaba.nacos.client.naming.NacosNamingService.getServicesOfServer(NacosNamingService.java:461)
	at com.alibaba.nacos.client.naming.NacosNamingService.getServicesOfServer(NacosNamingService.java:449)
	at com.alibaba.cloud.nacos.discovery.NacosServiceDiscovery.getServices(NacosServiceDiscovery.java:70)
	at com.alibaba.cloud.nacos.discovery.reactive.NacosReactiveDiscoveryClient.lambda$getServices$3(NacosReactiveDiscoveryClient.java:87)
	at reactor.core.publisher.FluxDefer.subscribe(FluxDefer.java:46)
	at reactor.core.publisher.FluxSubscribeOn$SubscribeOnSubscriber.run(FluxSubscribeOn.java:194)
	at reactor.core.scheduler.WorkerTask.call(WorkerTask.java:84)
	at reactor.core.scheduler.WorkerTask.call(WorkerTask.java:37)
	at java.util.concurrent.FutureTask.run(FutureTask.java:266)
	at java.util.concurrent.ScheduledThreadPoolExecutor$ScheduledFutureTask.access$201(ScheduledThreadPoolExecutor.java:180)
	at java.util.concurrent.ScheduledThreadPoolExecutor$ScheduledFutureTask.run(ScheduledThreadPoolExecutor.java:293)
	at java.util.concurrent.ThreadPoolExecutor.runWorker(ThreadPoolExecutor.java:1149)
	at java.util.concurrent.ThreadPoolExecutor$Worker.run(ThreadPoolExecutor.java:624)
	at java.lang.Thread.run(Thread.java:750)
12:25:44.286 [boundedElastic-6] ERROR c.a.c.n.d.r.NacosReactiveDiscoveryClient - [lambda$getServices$3,94] - get services from nacos server fail,
com.alibaba.nacos.api.exception.NacosException: Client not connected, current status:UNHEALTHY
	at com.alibaba.nacos.common.remote.client.RpcClient.request(RpcClient.java:639)
	at com.alibaba.nacos.common.remote.client.RpcClient.request(RpcClient.java:619)
	at com.alibaba.nacos.client.naming.remote.gprc.NamingGrpcClientProxy.requestToServer(NamingGrpcClientProxy.java:356)
	at com.alibaba.nacos.client.naming.remote.gprc.NamingGrpcClientProxy.getServiceList(NamingGrpcClientProxy.java:282)
	at com.alibaba.nacos.client.naming.remote.NamingClientProxyDelegate.getServiceList(NamingClientProxyDelegate.java:162)
	at com.alibaba.nacos.client.naming.NacosNamingService.getServicesOfServer(NacosNamingService.java:461)
	at com.alibaba.nacos.client.naming.NacosNamingService.getServicesOfServer(NacosNamingService.java:449)
	at com.alibaba.cloud.nacos.discovery.NacosServiceDiscovery.getServices(NacosServiceDiscovery.java:70)
	at com.alibaba.cloud.nacos.discovery.reactive.NacosReactiveDiscoveryClient.lambda$getServices$3(NacosReactiveDiscoveryClient.java:87)
	at reactor.core.publisher.FluxDefer.subscribe(FluxDefer.java:46)
	at reactor.core.publisher.FluxSubscribeOn$SubscribeOnSubscriber.run(FluxSubscribeOn.java:194)
	at reactor.core.scheduler.WorkerTask.call(WorkerTask.java:84)
	at reactor.core.scheduler.WorkerTask.call(WorkerTask.java:37)
	at java.util.concurrent.FutureTask.run(FutureTask.java:266)
	at java.util.concurrent.ScheduledThreadPoolExecutor$ScheduledFutureTask.access$201(ScheduledThreadPoolExecutor.java:180)
	at java.util.concurrent.ScheduledThreadPoolExecutor$ScheduledFutureTask.run(ScheduledThreadPoolExecutor.java:293)
	at java.util.concurrent.ThreadPoolExecutor.runWorker(ThreadPoolExecutor.java:1149)
	at java.util.concurrent.ThreadPoolExecutor$Worker.run(ThreadPoolExecutor.java:624)
	at java.lang.Thread.run(Thread.java:750)
13:36:16.655 [reactor-http-nio-2] ERROR c.l.p.g.h.GatewayExceptionHandler - [handle,52] - [网关异常处理]请求路径:/profile/cover/admin/20240602/pmhub-login-%E5%B0%8F%E5%9B%BE.jpg,异常信息:404 NOT_FOUND
13:58:01.382 [reactor-http-nio-10] ERROR c.l.p.g.h.GatewayExceptionHandler - [handle,52] - [网关异常处理]请求路径:/profile/cover/admin/20240602/pmhub-login-%E5%B0%8F%E5%9B%BE.jpg,异常信息:404 NOT_FOUND
13:58:15.083 [reactor-http-nio-4] ERROR c.l.p.g.h.GatewayExceptionHandler - [handle,52] - [网关异常处理]请求路径:/profile/cover/admin/20240602/pmhub-login-%E5%B0%8F%E5%9B%BE.jpg,异常信息:404 NOT_FOUND
16:30:15.166 [reactor-http-nio-4] ERROR c.l.p.g.h.GatewayExceptionHandler - [handle,52] - [网关异常处理]请求路径:/profile/cover/admin/20240602/pmhub-login-%E5%B0%8F%E5%9B%BE.jpg,异常信息:404 NOT_FOUND
16:30:55.419 [reactor-http-nio-2] ERROR c.l.p.g.h.GatewayExceptionHandler - [handle,52] - [网关异常处理]请求路径:/profile/cover/admin/20240602/pmhub-login-%E5%B0%8F%E5%9B%BE.jpg,异常信息:404 NOT_FOUND
17:20:52.249 [boundedElastic-183] ERROR c.l.p.g.h.GatewayExceptionHandler - [handle,52] - [网关异常处理]请求路径:/gen/tool/gen/list,异常信息:503 SERVICE_UNAVAILABLE "Unable to find instance for pmhub-gen"
17:20:58.013 [boundedElastic-183] ERROR c.l.p.g.h.GatewayExceptionHandler - [handle,52] - [网关异常处理]请求路径:/gen/v2/api-docs,异常信息:503 SERVICE_UNAVAILABLE "Unable to find instance for pmhub-gen"
17:21:29.122 [reactor-http-nio-6] ERROR c.l.p.g.h.GatewayExceptionHandler - [handle,52] - [网关异常处理]请求路径:/profile/cover/admin/20240602/pmhub-login-%E5%B0%8F%E5%9B%BE.jpg,异常信息:404 NOT_FOUND
17:21:29.185 [reactor-http-nio-7] ERROR c.l.p.g.h.GatewayExceptionHandler - [handle,52] - [网关异常处理]请求路径:/,异常信息:404 NOT_FOUND
17:21:45.979 [reactor-http-nio-7] ERROR c.l.p.g.h.GatewayExceptionHandler - [handle,52] - [网关异常处理]请求路径:/profile/cover/admin/20240602/pmhub-login-%E5%B0%8F%E5%9B%BE.jpg,异常信息:404 NOT_FOUND
17:21:46.039 [reactor-http-nio-9] ERROR c.l.p.g.h.GatewayExceptionHandler - [handle,52] - [网关异常处理]请求路径:/,异常信息:404 NOT_FOUND
17:21:52.008 [reactor-http-nio-9] ERROR c.l.p.g.h.GatewayExceptionHandler - [handle,52] - [网关异常处理]请求路径:/profile/cover/admin/20240602/pmhub-login-%E5%B0%8F%E5%9B%BE.jpg,异常信息:404 NOT_FOUND
17:21:52.084 [reactor-http-nio-11] ERROR c.l.p.g.h.GatewayExceptionHandler - [handle,52] - [网关异常处理]请求路径:/,异常信息:404 NOT_FOUND
17:22:24.682 [reactor-http-nio-11] ERROR c.l.p.g.h.GatewayExceptionHandler - [handle,52] - [网关异常处理]请求路径:/profile/cover/admin/20240602/pmhub-login-%E5%B0%8F%E5%9B%BE.jpg,异常信息:404 NOT_FOUND
17:22:24.757 [reactor-http-nio-10] ERROR c.l.p.g.h.GatewayExceptionHandler - [handle,52] - [网关异常处理]请求路径:/,异常信息:404 NOT_FOUND
17:22:56.330 [reactor-http-nio-12] ERROR c.l.p.g.h.GatewayExceptionHandler - [handle,52] - [网关异常处理]请求路径:/profile/cover/admin/20240602/pmhub-login-%E5%B0%8F%E5%9B%BE.jpg,异常信息:404 NOT_FOUND
17:22:56.392 [reactor-http-nio-1] ERROR c.l.p.g.h.GatewayExceptionHandler - [handle,52] - [网关异常处理]请求路径:/,异常信息:404 NOT_FOUND
17:23:20.355 [reactor-http-nio-7] ERROR c.l.p.g.h.GatewayExceptionHandler - [handle,52] - [网关异常处理]请求路径:/,异常信息:404 NOT_FOUND
17:23:25.879 [reactor-http-nio-4] ERROR c.l.p.g.h.GatewayExceptionHandler - [handle,52] - [网关异常处理]请求路径:/profile/cover/admin/20240602/pmhub-login-%E5%B0%8F%E5%9B%BE.jpg,异常信息:404 NOT_FOUND
17:23:51.699 [reactor-http-nio-4] ERROR c.l.p.g.h.GatewayExceptionHandler - [handle,52] - [网关异常处理]请求路径:/profile/cover/admin/20240602/pmhub-login-%E5%B0%8F%E5%9B%BE.jpg,异常信息:404 NOT_FOUND
17:24:00.558 [reactor-http-nio-1] ERROR c.l.p.g.h.GatewayExceptionHandler - [handle,52] - [网关异常处理]请求路径:/profile/cover/admin/20240602/pmhub-login-%E5%B0%8F%E5%9B%BE.jpg,异常信息:404 NOT_FOUND
17:24:00.621 [reactor-http-nio-2] ERROR c.l.p.g.h.GatewayExceptionHandler - [handle,52] - [网关异常处理]请求路径:/,异常信息:404 NOT_FOUND
17:24:12.841 [reactor-http-nio-10] ERROR c.l.p.g.h.GatewayExceptionHandler - [handle,52] - [网关异常处理]请求路径:/,异常信息:404 NOT_FOUND
17:24:52.996 [reactor-http-nio-5] ERROR c.l.p.g.h.GatewayExceptionHandler - [handle,52] - [网关异常处理]请求路径:/,异常信息:404 NOT_FOUND
17:25:04.864 [reactor-http-nio-1] ERROR c.l.p.g.h.GatewayExceptionHandler - [handle,52] - [网关异常处理]请求路径:/profile/cover/admin/20240602/pmhub-login-%E5%B0%8F%E5%9B%BE.jpg,异常信息:404 NOT_FOUND
17:25:38.453 [reactor-http-nio-8] ERROR c.l.p.g.h.GatewayExceptionHandler - [handle,52] - [网关异常处理]请求路径:/profile/cover/admin/20240602/pmhub-login-%E5%B0%8F%E5%9B%BE.jpg,异常信息:404 NOT_FOUND
17:25:38.513 [reactor-http-nio-6] ERROR c.l.p.g.h.GatewayExceptionHandler - [handle,52] - [网关异常处理]请求路径:/,异常信息:404 NOT_FOUND
17:56:48.534 [reactor-http-nio-9] ERROR c.l.p.g.h.GatewayExceptionHandler - [handle,52] - [网关异常处理]请求路径:/profile/cover/admin/20240602/pmhub-login-%E5%B0%8F%E5%9B%BE.jpg,异常信息:404 NOT_FOUND
