21:04:25.573 [main] INFO  c.a.n.c.e.SearchableProperties - [sortPropertySourceDefaultOrder,197] - properties search order:PROPERTIES->JVM->ENV->DEFAULT_SETTING
21:04:25.614 [background-preinit] INFO  o.h.v.i.util.Version - [<clinit>,21] - HV000001: Hibernate Validator 6.2.5.Final
21:04:25.852 [main] INFO  c.a.n.p.a.s.c.ClientAuthPluginManager - [init,56] - [ClientAuthPluginManager] Load ClientAuthService com.alibaba.nacos.client.auth.impl.NacosClientAuthServiceImpl success.
21:04:25.852 [main] INFO  c.a.n.p.a.s.c.ClientAuthPluginManager - [init,56] - [ClientAuthPluginManager] Load ClientAuthService com.alibaba.nacos.client.auth.ram.RamClientAuthServiceImpl success.
21:04:29.740 [main] INFO  c.l.p.s.PmHubSystemApplication - [logStartupProfileInfo,638] - The following 1 profile is active: "dev"
21:04:31.607 [main] INFO  o.a.c.h.Http11NioProtocol - [log,173] - Initializing ProtocolHandler ["http-nio-6801"]
21:04:31.608 [main] INFO  o.a.c.c.StandardService - [log,173] - Starting service [Tomcat]
21:04:31.609 [main] INFO  o.a.c.c.StandardEngine - [log,173] - Starting Servlet engine: [Apache Tomcat/9.0.83]
21:04:31.817 [main] INFO  o.a.c.c.C.[.[.[/] - [log,173] - Initializing Spring embedded WebApplicationContext
21:04:32.504 [main] INFO  org.redisson.Version - [logVersion,41] - Redisson 3.16.2
21:04:33.134 [redisson-netty-2-16] INFO  o.r.c.p.MasterPubSubConnectionPool - [lambda$run$0,166] - 1 connections initialized for localhost/127.0.0.1:6379
21:04:33.156 [redisson-netty-2-20] INFO  o.r.c.p.MasterConnectionPool - [lambda$run$0,166] - 24 connections initialized for localhost/127.0.0.1:6379
21:04:35.897 [main] INFO  c.a.d.p.DruidDataSource - [init,1009] - {dataSource-1} inited
21:04:35.937 [main] INFO  c.a.d.p.DruidDataSource - [close,2174] - {dataSource-1} closing ...
21:04:35.938 [main] INFO  c.a.d.p.DruidDataSource - [close,2247] - {dataSource-1} closed
21:04:35.940 [main] INFO  o.a.c.c.StandardService - [log,173] - Stopping service [Tomcat]
21:04:35.956 [Druid-ConnectionPool-Create-580195583] INFO  c.a.d.p.DruidAbstractDataSource - [setFailContinuous,1894] - {dataSource-1} failContinuous is true
21:05:18.595 [main] INFO  c.a.n.c.e.SearchableProperties - [sortPropertySourceDefaultOrder,197] - properties search order:PROPERTIES->JVM->ENV->DEFAULT_SETTING
21:05:18.637 [background-preinit] INFO  o.h.v.i.util.Version - [<clinit>,21] - HV000001: Hibernate Validator 6.2.5.Final
21:05:18.880 [main] INFO  c.a.n.p.a.s.c.ClientAuthPluginManager - [init,56] - [ClientAuthPluginManager] Load ClientAuthService com.alibaba.nacos.client.auth.impl.NacosClientAuthServiceImpl success.
21:05:18.880 [main] INFO  c.a.n.p.a.s.c.ClientAuthPluginManager - [init,56] - [ClientAuthPluginManager] Load ClientAuthService com.alibaba.nacos.client.auth.ram.RamClientAuthServiceImpl success.
21:05:22.837 [main] INFO  c.l.p.s.PmHubSystemApplication - [logStartupProfileInfo,638] - The following 1 profile is active: "dev"
21:05:24.739 [main] INFO  o.a.c.h.Http11NioProtocol - [log,173] - Initializing ProtocolHandler ["http-nio-6801"]
21:05:24.740 [main] INFO  o.a.c.c.StandardService - [log,173] - Starting service [Tomcat]
21:05:24.740 [main] INFO  o.a.c.c.StandardEngine - [log,173] - Starting Servlet engine: [Apache Tomcat/9.0.83]
21:05:24.942 [main] INFO  o.a.c.c.C.[.[.[/] - [log,173] - Initializing Spring embedded WebApplicationContext
21:05:25.615 [main] INFO  org.redisson.Version - [logVersion,41] - Redisson 3.16.2
21:05:26.234 [redisson-netty-2-16] INFO  o.r.c.p.MasterPubSubConnectionPool - [lambda$run$0,166] - 1 connections initialized for localhost/127.0.0.1:6379
21:05:26.263 [redisson-netty-2-20] INFO  o.r.c.p.MasterConnectionPool - [lambda$run$0,166] - 24 connections initialized for localhost/127.0.0.1:6379
21:05:29.093 [main] INFO  c.a.d.p.DruidDataSource - [init,1009] - {dataSource-1} inited
21:05:29.955 [main] INFO  c.a.c.s.SentinelWebMvcConfigurer - [addInterceptors,52] - [Sentinel Starter] register SentinelWebInterceptor with urlPatterns: [/**].
21:05:35.320 [main] INFO  o.a.c.h.Http11NioProtocol - [log,173] - Starting ProtocolHandler ["http-nio-6801"]
21:05:35.340 [main] INFO  c.a.n.p.a.s.c.ClientAuthPluginManager - [init,56] - [ClientAuthPluginManager] Load ClientAuthService com.alibaba.nacos.client.auth.impl.NacosClientAuthServiceImpl success.
21:05:35.340 [main] INFO  c.a.n.p.a.s.c.ClientAuthPluginManager - [init,56] - [ClientAuthPluginManager] Load ClientAuthService com.alibaba.nacos.client.auth.ram.RamClientAuthServiceImpl success.
21:05:35.530 [main] INFO  c.a.c.n.r.NacosServiceRegistry - [register,76] - nacos registry, DEFAULT_GROUP pmhub-system 192.168.46.1:6801 register finished
21:05:37.657 [main] INFO  c.l.p.s.PmHubSystemApplication - [logStarted,61] - Started PmHubSystemApplication in 21.095 seconds (JVM running for 22.486)
21:05:37.669 [main] INFO  c.a.c.n.r.NacosContextRefresher - [registerNacosListener,129] - [Nacos Config] Listening config: dataId=pmhub-system.yml, group=DEFAULT_GROUP
21:05:37.670 [main] INFO  c.a.c.n.r.NacosContextRefresher - [registerNacosListener,129] - [Nacos Config] Listening config: dataId=pmhub-system, group=DEFAULT_GROUP
21:05:37.671 [main] INFO  c.a.c.n.r.NacosContextRefresher - [registerNacosListener,129] - [Nacos Config] Listening config: dataId=pmhub-system-dev.yml, group=DEFAULT_GROUP
21:05:38.695 [RMI TCP Connection(5)-192.168.46.1] INFO  o.a.c.c.C.[.[.[/] - [log,173] - Initializing Spring DispatcherServlet 'dispatcherServlet'
